MSP430 Assembler PC v21.6.1 Wed Nov 30 16:35:43 2022

Copyright (c) 2003-2018 Texas Instruments Incorporated
timer_b.asm                                                          PAGE    1

       1            ;******************************************************************************
       2            ;* MSP430 G3 C/C++ Codegen                                              PC v21.6.1.LTS *
       3            ;* Date/Time created: Wed Nov 30 16:35:42 2022                                *
       4            ;******************************************************************************
       5                    .compiler_opts --abi=eabi --diag_wrap=off --hll_source=on --mem_model:code=large --mem_model:d
       6            
       7            $C$DW$CU        .dwtag  DW_TAG_compile_unit
       8                    .dwattr $C$DW$CU, DW_AT_name("../driverlib/MSP430FR2xx_4xx/timer_b.c")
       9                    .dwattr $C$DW$CU, DW_AT_producer("TI MSP430 G3 C/C++ Codegen PC v21.6.1.LTS Copyright (c) 2003
      10                    .dwattr $C$DW$CU, DW_AT_TI_version(0x01)
      11                    .dwattr $C$DW$CU, DW_AT_comp_dir("C:\ccs_challengespace\MSP430_LCD_display\Debug")
      12            ;       C:\ti\ccs1110\ccs\tools\compiler\ti-cgt-msp430_21.6.1.LTS\bin\acpia430.exe -@C:\\Users\\DAVID~
      13            
      14            ;******************************************************************************
      15            ;* BUILD ATTRIBUTES                                                           *
      16            ;******************************************************************************
      17                    .battr "TI", Tag_File, 1, Tag_LOCKIO_INFO(1)
      18                    .battr "TI", Tag_File, 1, Tag_WAITSTATE_INFO(2)
      19                    .battr "TI", Tag_File, 1, Tag_HW_MPY_ISR_INFO(1)
      20                    .battr "TI", Tag_File, 1, Tag_HW_MPY_INLINE_INFO(1)
      21                    .battr "mspabi", Tag_File, 1, Tag_enum_size(3)
      22            
      23            ;******************************************************************************
      24            ;* TYPE INFORMATION                                                           *
      25            ;******************************************************************************
      26            
      27            $C$DW$T$21      .dwtag  DW_TAG_structure_type
      28                    .dwattr $C$DW$T$21, DW_AT_byte_size(0x10)
      29            $C$DW$1 .dwtag  DW_TAG_member
      30                    .dwattr $C$DW$1, DW_AT_type(*$C$DW$T$14)
      31                    .dwattr $C$DW$1, DW_AT_name("__max_align1")
      32                    .dwattr $C$DW$1, DW_AT_TI_symbol_name("__max_align1")
      33                    .dwattr $C$DW$1, DW_AT_data_member_location[DW_OP_plus_uconst 0x0]
      34                    .dwattr $C$DW$1, DW_AT_accessibility(DW_ACCESS_public)
      35                    .dwattr $C$DW$1, DW_AT_decl_file("C:/ti/ccs1110/ccs/tools/compiler/ti-cgt-msp430_21.6.1.LTS/in
      36                    .dwattr $C$DW$1, DW_AT_decl_line(0x7b)
      37                    .dwattr $C$DW$1, DW_AT_decl_column(0x0c)
      38            
      39            $C$DW$2 .dwtag  DW_TAG_member
      40                    .dwattr $C$DW$2, DW_AT_type(*$C$DW$T$18)
      41                    .dwattr $C$DW$2, DW_AT_name("__max_align2")
      42                    .dwattr $C$DW$2, DW_AT_TI_symbol_name("__max_align2")
      43                    .dwattr $C$DW$2, DW_AT_data_member_location[DW_OP_plus_uconst 0x8]
      44                    .dwattr $C$DW$2, DW_AT_accessibility(DW_ACCESS_public)
      45                    .dwattr $C$DW$2, DW_AT_decl_file("C:/ti/ccs1110/ccs/tools/compiler/ti-cgt-msp430_21.6.1.LTS/in
      46                    .dwattr $C$DW$2, DW_AT_decl_line(0x7c)
      47                    .dwattr $C$DW$2, DW_AT_decl_column(0x0e)
      48            
      49                    .dwattr $C$DW$T$21, DW_AT_decl_file("C:/ti/ccs1110/ccs/tools/compiler/ti-cgt-msp430_21.6.1.LTS
      50                    .dwattr $C$DW$T$21, DW_AT_decl_line(0x7a)
      51                    .dwattr $C$DW$T$21, DW_AT_decl_column(0x10)
      52                    .dwendtag $C$DW$T$21
      53            
      54            $C$DW$T$22      .dwtag  DW_TAG_typedef
      55                    .dwattr $C$DW$T$22, DW_AT_name("__max_align_t")
MSP430 Assembler PC v21.6.1 Wed Nov 30 16:35:43 2022

Copyright (c) 2003-2018 Texas Instruments Incorporated
timer_b.asm                                                          PAGE    2

      56                    .dwattr $C$DW$T$22, DW_AT_type(*$C$DW$T$21)
      57                    .dwattr $C$DW$T$22, DW_AT_language(DW_LANG_C)
      58                    .dwattr $C$DW$T$22, DW_AT_decl_file("C:/ti/ccs1110/ccs/tools/compiler/ti-cgt-msp430_21.6.1.LTS
      59                    .dwattr $C$DW$T$22, DW_AT_decl_line(0x7d)
      60                    .dwattr $C$DW$T$22, DW_AT_decl_column(0x03)
      61            
      62            $C$DW$T$2       .dwtag  DW_TAG_unspecified_type
      63                    .dwattr $C$DW$T$2, DW_AT_name("void")
      64            
      65            
      66            $C$DW$T$23      .dwtag  DW_TAG_subroutine_type
      67                    .dwattr $C$DW$T$23, DW_AT_language(DW_LANG_C)
      68                    .dwendtag $C$DW$T$23
      69            
      70            $C$DW$T$24      .dwtag  DW_TAG_pointer_type
      71                    .dwattr $C$DW$T$24, DW_AT_type(*$C$DW$T$23)
      72                    .dwattr $C$DW$T$24, DW_AT_address_class(0x14)
      73            
      74            $C$DW$T$25      .dwtag  DW_TAG_typedef
      75                    .dwattr $C$DW$T$25, DW_AT_name("__SFR_FARPTR")
      76                    .dwattr $C$DW$T$25, DW_AT_type(*$C$DW$T$24)
      77                    .dwattr $C$DW$T$25, DW_AT_language(DW_LANG_C)
      78                    .dwattr $C$DW$T$25, DW_AT_decl_file("C:\ti\ccs1110\ccs\ccs_base\msp430\include\msp430fr4133.h"
      79                    .dwattr $C$DW$T$25, DW_AT_decl_line(0x46)
      80                    .dwattr $C$DW$T$25, DW_AT_decl_column(0x11)
      81            
      82            $C$DW$T$4       .dwtag  DW_TAG_base_type
      83                    .dwattr $C$DW$T$4, DW_AT_encoding(DW_ATE_boolean)
      84                    .dwattr $C$DW$T$4, DW_AT_name("bool")
      85                    .dwattr $C$DW$T$4, DW_AT_byte_size(0x01)
      86            
      87            $C$DW$T$5       .dwtag  DW_TAG_base_type
      88                    .dwattr $C$DW$T$5, DW_AT_encoding(DW_ATE_signed_char)
      89                    .dwattr $C$DW$T$5, DW_AT_name("signed char")
      90                    .dwattr $C$DW$T$5, DW_AT_byte_size(0x01)
      91            
      92            $C$DW$T$26      .dwtag  DW_TAG_typedef
      93                    .dwattr $C$DW$T$26, DW_AT_name("__int8_t")
      94                    .dwattr $C$DW$T$26, DW_AT_type(*$C$DW$T$5)
      95                    .dwattr $C$DW$T$26, DW_AT_language(DW_LANG_C)
      96                    .dwattr $C$DW$T$26, DW_AT_decl_file("C:/ti/ccs1110/ccs/tools/compiler/ti-cgt-msp430_21.6.1.LTS
      97                    .dwattr $C$DW$T$26, DW_AT_decl_line(0x36)
      98                    .dwattr $C$DW$T$26, DW_AT_decl_column(0x16)
      99            
     100            $C$DW$T$27      .dwtag  DW_TAG_typedef
     101                    .dwattr $C$DW$T$27, DW_AT_name("__int_least8_t")
     102                    .dwattr $C$DW$T$27, DW_AT_type(*$C$DW$T$26)
     103                    .dwattr $C$DW$T$27, DW_AT_language(DW_LANG_C)
     104                    .dwattr $C$DW$T$27, DW_AT_decl_file("C:/ti/ccs1110/ccs/tools/compiler/ti-cgt-msp430_21.6.1.LTS
     105                    .dwattr $C$DW$T$27, DW_AT_decl_line(0x5a)
     106                    .dwattr $C$DW$T$27, DW_AT_decl_column(0x12)
     107            
     108            $C$DW$T$28      .dwtag  DW_TAG_typedef
     109                    .dwattr $C$DW$T$28, DW_AT_name("int_least8_t")
     110                    .dwattr $C$DW$T$28, DW_AT_type(*$C$DW$T$27)
MSP430 Assembler PC v21.6.1 Wed Nov 30 16:35:43 2022

Copyright (c) 2003-2018 Texas Instruments Incorporated
timer_b.asm                                                          PAGE    3

     111                    .dwattr $C$DW$T$28, DW_AT_language(DW_LANG_C)
     112                    .dwattr $C$DW$T$28, DW_AT_decl_file("C:/ti/ccs1110/ccs/tools/compiler/ti-cgt-msp430_21.6.1.LTS
     113                    .dwattr $C$DW$T$28, DW_AT_decl_line(0x2a)
     114                    .dwattr $C$DW$T$28, DW_AT_decl_column(0x19)
     115            
     116            $C$DW$T$29      .dwtag  DW_TAG_typedef
     117                    .dwattr $C$DW$T$29, DW_AT_name("int8_t")
     118                    .dwattr $C$DW$T$29, DW_AT_type(*$C$DW$T$26)
     119                    .dwattr $C$DW$T$29, DW_AT_language(DW_LANG_C)
     120                    .dwattr $C$DW$T$29, DW_AT_decl_file("C:/ti/ccs1110/ccs/tools/compiler/ti-cgt-msp430_21.6.1.LTS
     121                    .dwattr $C$DW$T$29, DW_AT_decl_line(0x25)
     122                    .dwattr $C$DW$T$29, DW_AT_decl_column(0x13)
     123            
     124            $C$DW$T$6       .dwtag  DW_TAG_base_type
     125                    .dwattr $C$DW$T$6, DW_AT_encoding(DW_ATE_unsigned_char)
     126                    .dwattr $C$DW$T$6, DW_AT_name("unsigned char")
     127                    .dwattr $C$DW$T$6, DW_AT_byte_size(0x01)
     128            
     129            $C$DW$T$30      .dwtag  DW_TAG_typedef
     130                    .dwattr $C$DW$T$30, DW_AT_name("__uint8_t")
     131                    .dwattr $C$DW$T$30, DW_AT_type(*$C$DW$T$6)
     132                    .dwattr $C$DW$T$30, DW_AT_language(DW_LANG_C)
     133                    .dwattr $C$DW$T$30, DW_AT_decl_file("C:/ti/ccs1110/ccs/tools/compiler/ti-cgt-msp430_21.6.1.LTS
     134                    .dwattr $C$DW$T$30, DW_AT_decl_line(0x37)
     135                    .dwattr $C$DW$T$30, DW_AT_decl_column(0x18)
     136            
     137            $C$DW$T$31      .dwtag  DW_TAG_typedef
     138                    .dwattr $C$DW$T$31, DW_AT_name("__sa_family_t")
     139                    .dwattr $C$DW$T$31, DW_AT_type(*$C$DW$T$30)
     140                    .dwattr $C$DW$T$31, DW_AT_language(DW_LANG_C)
     141                    .dwattr $C$DW$T$31, DW_AT_decl_file("C:/ti/ccs1110/ccs/tools/compiler/ti-cgt-msp430_21.6.1.LTS
     142                    .dwattr $C$DW$T$31, DW_AT_decl_line(0x47)
     143                    .dwattr $C$DW$T$31, DW_AT_decl_column(0x13)
     144            
     145            $C$DW$T$32      .dwtag  DW_TAG_typedef
     146                    .dwattr $C$DW$T$32, DW_AT_name("__uint_least8_t")
     147                    .dwattr $C$DW$T$32, DW_AT_type(*$C$DW$T$30)
     148                    .dwattr $C$DW$T$32, DW_AT_language(DW_LANG_C)
     149                    .dwattr $C$DW$T$32, DW_AT_decl_file("C:/ti/ccs1110/ccs/tools/compiler/ti-cgt-msp430_21.6.1.LTS
     150                    .dwattr $C$DW$T$32, DW_AT_decl_line(0x74)
     151                    .dwattr $C$DW$T$32, DW_AT_decl_column(0x13)
     152            
     153            $C$DW$T$33      .dwtag  DW_TAG_typedef
     154                    .dwattr $C$DW$T$33, DW_AT_name("uint_least8_t")
     155                    .dwattr $C$DW$T$33, DW_AT_type(*$C$DW$T$32)
     156                    .dwattr $C$DW$T$33, DW_AT_language(DW_LANG_C)
     157                    .dwattr $C$DW$T$33, DW_AT_decl_file("C:/ti/ccs1110/ccs/tools/compiler/ti-cgt-msp430_21.6.1.LTS
     158                    .dwattr $C$DW$T$33, DW_AT_decl_line(0x2f)
     159                    .dwattr $C$DW$T$33, DW_AT_decl_column(0x1a)
     160            
     161            $C$DW$T$34      .dwtag  DW_TAG_typedef
     162                    .dwattr $C$DW$T$34, DW_AT_name("uint8_t")
     163                    .dwattr $C$DW$T$34, DW_AT_type(*$C$DW$T$30)
     164                    .dwattr $C$DW$T$34, DW_AT_language(DW_LANG_C)
     165                    .dwattr $C$DW$T$34, DW_AT_decl_file("C:/ti/ccs1110/ccs/tools/compiler/ti-cgt-msp430_21.6.1.LTS
MSP430 Assembler PC v21.6.1 Wed Nov 30 16:35:43 2022

Copyright (c) 2003-2018 Texas Instruments Incorporated
timer_b.asm                                                          PAGE    4

     166                    .dwattr $C$DW$T$34, DW_AT_decl_line(0x3b)
     167                    .dwattr $C$DW$T$34, DW_AT_decl_column(0x14)
     168            
     169            $C$DW$T$7       .dwtag  DW_TAG_base_type
     170                    .dwattr $C$DW$T$7, DW_AT_encoding(DW_ATE_signed_char)
     171                    .dwattr $C$DW$T$7, DW_AT_name("wchar_t")
     172                    .dwattr $C$DW$T$7, DW_AT_byte_size(0x02)
     173            
     174            $C$DW$T$8       .dwtag  DW_TAG_base_type
     175                    .dwattr $C$DW$T$8, DW_AT_encoding(DW_ATE_signed)
     176                    .dwattr $C$DW$T$8, DW_AT_name("short")
     177                    .dwattr $C$DW$T$8, DW_AT_byte_size(0x02)
     178            
     179            $C$DW$T$9       .dwtag  DW_TAG_base_type
     180                    .dwattr $C$DW$T$9, DW_AT_encoding(DW_ATE_unsigned)
     181                    .dwattr $C$DW$T$9, DW_AT_name("unsigned short")
     182                    .dwattr $C$DW$T$9, DW_AT_byte_size(0x02)
     183            
     184            $C$DW$T$10      .dwtag  DW_TAG_base_type
     185                    .dwattr $C$DW$T$10, DW_AT_encoding(DW_ATE_signed)
     186                    .dwattr $C$DW$T$10, DW_AT_name("int")
     187                    .dwattr $C$DW$T$10, DW_AT_byte_size(0x02)
     188            
     189            $C$DW$T$35      .dwtag  DW_TAG_typedef
     190                    .dwattr $C$DW$T$35, DW_AT_name("_Mbstatet")
     191                    .dwattr $C$DW$T$35, DW_AT_type(*$C$DW$T$10)
     192                    .dwattr $C$DW$T$35, DW_AT_language(DW_LANG_C)
     193                    .dwattr $C$DW$T$35, DW_AT_decl_file("C:/ti/ccs1110/ccs/tools/compiler/ti-cgt-msp430_21.6.1.LTS
     194                    .dwattr $C$DW$T$35, DW_AT_decl_line(0x8f)
     195                    .dwattr $C$DW$T$35, DW_AT_decl_column(0x0d)
     196            
     197            $C$DW$T$36      .dwtag  DW_TAG_typedef
     198                    .dwattr $C$DW$T$36, DW_AT_name("__mbstate_t")
     199                    .dwattr $C$DW$T$36, DW_AT_type(*$C$DW$T$35)
     200                    .dwattr $C$DW$T$36, DW_AT_language(DW_LANG_C)
     201                    .dwattr $C$DW$T$36, DW_AT_decl_file("C:/ti/ccs1110/ccs/tools/compiler/ti-cgt-msp430_21.6.1.LTS
     202                    .dwattr $C$DW$T$36, DW_AT_decl_line(0x92)
     203                    .dwattr $C$DW$T$36, DW_AT_decl_column(0x13)
     204            
     205            $C$DW$T$37      .dwtag  DW_TAG_typedef
     206                    .dwattr $C$DW$T$37, DW_AT_name("__accmode_t")
     207                    .dwattr $C$DW$T$37, DW_AT_type(*$C$DW$T$10)
     208                    .dwattr $C$DW$T$37, DW_AT_language(DW_LANG_C)
     209                    .dwattr $C$DW$T$37, DW_AT_decl_file("C:/ti/ccs1110/ccs/tools/compiler/ti-cgt-msp430_21.6.1.LTS
     210                    .dwattr $C$DW$T$37, DW_AT_decl_line(0x3b)
     211                    .dwattr $C$DW$T$37, DW_AT_decl_column(0x0e)
     212            
     213            $C$DW$T$38      .dwtag  DW_TAG_typedef
     214                    .dwattr $C$DW$T$38, DW_AT_name("__cpulevel_t")
     215                    .dwattr $C$DW$T$38, DW_AT_type(*$C$DW$T$10)
     216                    .dwattr $C$DW$T$38, DW_AT_language(DW_LANG_C)
     217                    .dwattr $C$DW$T$38, DW_AT_decl_file("C:/ti/ccs1110/ccs/tools/compiler/ti-cgt-msp430_21.6.1.LTS
     218                    .dwattr $C$DW$T$38, DW_AT_decl_line(0x50)
     219                    .dwattr $C$DW$T$38, DW_AT_decl_column(0x0e)
     220            
MSP430 Assembler PC v21.6.1 Wed Nov 30 16:35:43 2022

Copyright (c) 2003-2018 Texas Instruments Incorporated
timer_b.asm                                                          PAGE    5

     221            $C$DW$T$39      .dwtag  DW_TAG_typedef
     222                    .dwattr $C$DW$T$39, DW_AT_name("__cpusetid_t")
     223                    .dwattr $C$DW$T$39, DW_AT_type(*$C$DW$T$10)
     224                    .dwattr $C$DW$T$39, DW_AT_language(DW_LANG_C)
     225                    .dwattr $C$DW$T$39, DW_AT_decl_file("C:/ti/ccs1110/ccs/tools/compiler/ti-cgt-msp430_21.6.1.LTS
     226                    .dwattr $C$DW$T$39, DW_AT_decl_line(0x51)
     227                    .dwattr $C$DW$T$39, DW_AT_decl_column(0x0e)
     228            
     229            $C$DW$T$40      .dwtag  DW_TAG_typedef
     230                    .dwattr $C$DW$T$40, DW_AT_name("__cpuwhich_t")
     231                    .dwattr $C$DW$T$40, DW_AT_type(*$C$DW$T$10)
     232                    .dwattr $C$DW$T$40, DW_AT_language(DW_LANG_C)
     233                    .dwattr $C$DW$T$40, DW_AT_decl_file("C:/ti/ccs1110/ccs/tools/compiler/ti-cgt-msp430_21.6.1.LTS
     234                    .dwattr $C$DW$T$40, DW_AT_decl_line(0x4f)
     235                    .dwattr $C$DW$T$40, DW_AT_decl_column(0x0e)
     236            
     237            $C$DW$T$41      .dwtag  DW_TAG_typedef
     238                    .dwattr $C$DW$T$41, DW_AT_name("__ct_rune_t")
     239                    .dwattr $C$DW$T$41, DW_AT_type(*$C$DW$T$10)
     240                    .dwattr $C$DW$T$41, DW_AT_language(DW_LANG_C)
     241                    .dwattr $C$DW$T$41, DW_AT_decl_file("C:/ti/ccs1110/ccs/tools/compiler/ti-cgt-msp430_21.6.1.LTS
     242                    .dwattr $C$DW$T$41, DW_AT_decl_line(0x69)
     243                    .dwattr $C$DW$T$41, DW_AT_decl_column(0x0e)
     244            
     245            $C$DW$T$42      .dwtag  DW_TAG_typedef
     246                    .dwattr $C$DW$T$42, DW_AT_name("__rune_t")
     247                    .dwattr $C$DW$T$42, DW_AT_type(*$C$DW$T$41)
     248                    .dwattr $C$DW$T$42, DW_AT_language(DW_LANG_C)
     249                    .dwattr $C$DW$T$42, DW_AT_decl_file("C:/ti/ccs1110/ccs/tools/compiler/ti-cgt-msp430_21.6.1.LTS
     250                    .dwattr $C$DW$T$42, DW_AT_decl_line(0x6c)
     251                    .dwattr $C$DW$T$42, DW_AT_decl_column(0x15)
     252            
     253            $C$DW$T$43      .dwtag  DW_TAG_typedef
     254                    .dwattr $C$DW$T$43, DW_AT_name("__wint_t")
     255                    .dwattr $C$DW$T$43, DW_AT_type(*$C$DW$T$41)
     256                    .dwattr $C$DW$T$43, DW_AT_language(DW_LANG_C)
     257                    .dwattr $C$DW$T$43, DW_AT_decl_file("C:/ti/ccs1110/ccs/tools/compiler/ti-cgt-msp430_21.6.1.LTS
     258                    .dwattr $C$DW$T$43, DW_AT_decl_line(0x6d)
     259                    .dwattr $C$DW$T$43, DW_AT_decl_column(0x15)
     260            
     261            $C$DW$T$44      .dwtag  DW_TAG_typedef
     262                    .dwattr $C$DW$T$44, DW_AT_name("__int16_t")
     263                    .dwattr $C$DW$T$44, DW_AT_type(*$C$DW$T$10)
     264                    .dwattr $C$DW$T$44, DW_AT_language(DW_LANG_C)
     265                    .dwattr $C$DW$T$44, DW_AT_decl_file("C:/ti/ccs1110/ccs/tools/compiler/ti-cgt-msp430_21.6.1.LTS
     266                    .dwattr $C$DW$T$44, DW_AT_decl_line(0x38)
     267                    .dwattr $C$DW$T$44, DW_AT_decl_column(0x0f)
     268            
     269            $C$DW$T$45      .dwtag  DW_TAG_typedef
     270                    .dwattr $C$DW$T$45, DW_AT_name("__int_fast16_t")
     271                    .dwattr $C$DW$T$45, DW_AT_type(*$C$DW$T$44)
     272                    .dwattr $C$DW$T$45, DW_AT_language(DW_LANG_C)
     273                    .dwattr $C$DW$T$45, DW_AT_decl_file("C:/ti/ccs1110/ccs/tools/compiler/ti-cgt-msp430_21.6.1.LTS
     274                    .dwattr $C$DW$T$45, DW_AT_decl_line(0x57)
     275                    .dwattr $C$DW$T$45, DW_AT_decl_column(0x13)
MSP430 Assembler PC v21.6.1 Wed Nov 30 16:35:43 2022

Copyright (c) 2003-2018 Texas Instruments Incorporated
timer_b.asm                                                          PAGE    6

     276            
     277            $C$DW$T$46      .dwtag  DW_TAG_typedef
     278                    .dwattr $C$DW$T$46, DW_AT_name("int_fast16_t")
     279                    .dwattr $C$DW$T$46, DW_AT_type(*$C$DW$T$45)
     280                    .dwattr $C$DW$T$46, DW_AT_language(DW_LANG_C)
     281                    .dwattr $C$DW$T$46, DW_AT_decl_file("C:/ti/ccs1110/ccs/tools/compiler/ti-cgt-msp430_21.6.1.LTS
     282                    .dwattr $C$DW$T$46, DW_AT_decl_line(0x35)
     283                    .dwattr $C$DW$T$46, DW_AT_decl_column(0x19)
     284            
     285            $C$DW$T$47      .dwtag  DW_TAG_typedef
     286                    .dwattr $C$DW$T$47, DW_AT_name("__int_fast8_t")
     287                    .dwattr $C$DW$T$47, DW_AT_type(*$C$DW$T$44)
     288                    .dwattr $C$DW$T$47, DW_AT_language(DW_LANG_C)
     289                    .dwattr $C$DW$T$47, DW_AT_decl_file("C:/ti/ccs1110/ccs/tools/compiler/ti-cgt-msp430_21.6.1.LTS
     290                    .dwattr $C$DW$T$47, DW_AT_decl_line(0x56)
     291                    .dwattr $C$DW$T$47, DW_AT_decl_column(0x13)
     292            
     293            $C$DW$T$48      .dwtag  DW_TAG_typedef
     294                    .dwattr $C$DW$T$48, DW_AT_name("int_fast8_t")
     295                    .dwattr $C$DW$T$48, DW_AT_type(*$C$DW$T$47)
     296                    .dwattr $C$DW$T$48, DW_AT_language(DW_LANG_C)
     297                    .dwattr $C$DW$T$48, DW_AT_decl_file("C:/ti/ccs1110/ccs/tools/compiler/ti-cgt-msp430_21.6.1.LTS
     298                    .dwattr $C$DW$T$48, DW_AT_decl_line(0x34)
     299                    .dwattr $C$DW$T$48, DW_AT_decl_column(0x18)
     300            
     301            $C$DW$T$49      .dwtag  DW_TAG_typedef
     302                    .dwattr $C$DW$T$49, DW_AT_name("__int_least16_t")
     303                    .dwattr $C$DW$T$49, DW_AT_type(*$C$DW$T$44)
     304                    .dwattr $C$DW$T$49, DW_AT_language(DW_LANG_C)
     305                    .dwattr $C$DW$T$49, DW_AT_decl_file("C:/ti/ccs1110/ccs/tools/compiler/ti-cgt-msp430_21.6.1.LTS
     306                    .dwattr $C$DW$T$49, DW_AT_decl_line(0x5b)
     307                    .dwattr $C$DW$T$49, DW_AT_decl_column(0x13)
     308            
     309            $C$DW$T$50      .dwtag  DW_TAG_typedef
     310                    .dwattr $C$DW$T$50, DW_AT_name("int_least16_t")
     311                    .dwattr $C$DW$T$50, DW_AT_type(*$C$DW$T$49)
     312                    .dwattr $C$DW$T$50, DW_AT_language(DW_LANG_C)
     313                    .dwattr $C$DW$T$50, DW_AT_decl_file("C:/ti/ccs1110/ccs/tools/compiler/ti-cgt-msp430_21.6.1.LTS
     314                    .dwattr $C$DW$T$50, DW_AT_decl_line(0x2b)
     315                    .dwattr $C$DW$T$50, DW_AT_decl_column(0x1a)
     316            
     317            $C$DW$T$51      .dwtag  DW_TAG_typedef
     318                    .dwattr $C$DW$T$51, DW_AT_name("__register_t")
     319                    .dwattr $C$DW$T$51, DW_AT_type(*$C$DW$T$44)
     320                    .dwattr $C$DW$T$51, DW_AT_language(DW_LANG_C)
     321                    .dwattr $C$DW$T$51, DW_AT_decl_file("C:/ti/ccs1110/ccs/tools/compiler/ti-cgt-msp430_21.6.1.LTS
     322                    .dwattr $C$DW$T$51, DW_AT_decl_line(0x5f)
     323                    .dwattr $C$DW$T$51, DW_AT_decl_column(0x13)
     324            
     325            $C$DW$T$52      .dwtag  DW_TAG_typedef
     326                    .dwattr $C$DW$T$52, DW_AT_name("int16_t")
     327                    .dwattr $C$DW$T$52, DW_AT_type(*$C$DW$T$44)
     328                    .dwattr $C$DW$T$52, DW_AT_language(DW_LANG_C)
     329                    .dwattr $C$DW$T$52, DW_AT_decl_file("C:/ti/ccs1110/ccs/tools/compiler/ti-cgt-msp430_21.6.1.LTS
     330                    .dwattr $C$DW$T$52, DW_AT_decl_line(0x2b)
MSP430 Assembler PC v21.6.1 Wed Nov 30 16:35:43 2022

Copyright (c) 2003-2018 Texas Instruments Incorporated
timer_b.asm                                                          PAGE    7

     331                    .dwattr $C$DW$T$52, DW_AT_decl_column(0x14)
     332            
     333            $C$DW$T$53      .dwtag  DW_TAG_typedef
     334                    .dwattr $C$DW$T$53, DW_AT_name("__nl_item")
     335                    .dwattr $C$DW$T$53, DW_AT_type(*$C$DW$T$10)
     336                    .dwattr $C$DW$T$53, DW_AT_language(DW_LANG_C)
     337                    .dwattr $C$DW$T$53, DW_AT_decl_file("C:/ti/ccs1110/ccs/tools/compiler/ti-cgt-msp430_21.6.1.LTS
     338                    .dwattr $C$DW$T$53, DW_AT_decl_line(0x3c)
     339                    .dwattr $C$DW$T$53, DW_AT_decl_column(0x0e)
     340            
     341            $C$DW$T$54      .dwtag  DW_TAG_typedef
     342                    .dwattr $C$DW$T$54, DW_AT_name("__ptrdiff_t")
     343                    .dwattr $C$DW$T$54, DW_AT_type(*$C$DW$T$10)
     344                    .dwattr $C$DW$T$54, DW_AT_language(DW_LANG_C)
     345                    .dwattr $C$DW$T$54, DW_AT_decl_file("C:/ti/ccs1110/ccs/tools/compiler/ti-cgt-msp430_21.6.1.LTS
     346                    .dwattr $C$DW$T$54, DW_AT_decl_line(0x5e)
     347                    .dwattr $C$DW$T$54, DW_AT_decl_column(0x1c)
     348            
     349            $C$DW$T$11      .dwtag  DW_TAG_base_type
     350                    .dwattr $C$DW$T$11, DW_AT_encoding(DW_ATE_unsigned)
     351                    .dwattr $C$DW$T$11, DW_AT_name("unsigned int")
     352                    .dwattr $C$DW$T$11, DW_AT_byte_size(0x02)
     353            
     354            $C$DW$T$55      .dwtag  DW_TAG_typedef
     355                    .dwattr $C$DW$T$55, DW_AT_name("___wchar_t")
     356                    .dwattr $C$DW$T$55, DW_AT_type(*$C$DW$T$11)
     357                    .dwattr $C$DW$T$55, DW_AT_language(DW_LANG_C)
     358                    .dwattr $C$DW$T$55, DW_AT_decl_file("C:/ti/ccs1110/ccs/tools/compiler/ti-cgt-msp430_21.6.1.LTS
     359                    .dwattr $C$DW$T$55, DW_AT_decl_line(0x7d)
     360                    .dwattr $C$DW$T$55, DW_AT_decl_column(0x1a)
     361            
     362            $C$DW$T$56      .dwtag  DW_TAG_typedef
     363                    .dwattr $C$DW$T$56, DW_AT_name("__size_t")
     364                    .dwattr $C$DW$T$56, DW_AT_type(*$C$DW$T$11)
     365                    .dwattr $C$DW$T$56, DW_AT_language(DW_LANG_C)
     366                    .dwattr $C$DW$T$56, DW_AT_decl_file("C:/ti/ccs1110/ccs/tools/compiler/ti-cgt-msp430_21.6.1.LTS
     367                    .dwattr $C$DW$T$56, DW_AT_decl_line(0x61)
     368                    .dwattr $C$DW$T$56, DW_AT_decl_column(0x19)
     369            
     370            $C$DW$T$57      .dwtag  DW_TAG_typedef
     371                    .dwattr $C$DW$T$57, DW_AT_name("__uint16_t")
     372                    .dwattr $C$DW$T$57, DW_AT_type(*$C$DW$T$11)
     373                    .dwattr $C$DW$T$57, DW_AT_language(DW_LANG_C)
     374                    .dwattr $C$DW$T$57, DW_AT_decl_file("C:/ti/ccs1110/ccs/tools/compiler/ti-cgt-msp430_21.6.1.LTS
     375                    .dwattr $C$DW$T$57, DW_AT_decl_line(0x39)
     376                    .dwattr $C$DW$T$57, DW_AT_decl_column(0x17)
     377            
     378            $C$DW$T$58      .dwtag  DW_TAG_typedef
     379                    .dwattr $C$DW$T$58, DW_AT_name("__mode_t")
     380                    .dwattr $C$DW$T$58, DW_AT_type(*$C$DW$T$57)
     381                    .dwattr $C$DW$T$58, DW_AT_language(DW_LANG_C)
     382                    .dwattr $C$DW$T$58, DW_AT_decl_file("C:/ti/ccs1110/ccs/tools/compiler/ti-cgt-msp430_21.6.1.LTS
     383                    .dwattr $C$DW$T$58, DW_AT_decl_line(0x3a)
     384                    .dwattr $C$DW$T$58, DW_AT_decl_column(0x14)
     385            
MSP430 Assembler PC v21.6.1 Wed Nov 30 16:35:43 2022

Copyright (c) 2003-2018 Texas Instruments Incorporated
timer_b.asm                                                          PAGE    8

     386            $C$DW$T$59      .dwtag  DW_TAG_typedef
     387                    .dwattr $C$DW$T$59, DW_AT_name("__u_register_t")
     388                    .dwattr $C$DW$T$59, DW_AT_type(*$C$DW$T$57)
     389                    .dwattr $C$DW$T$59, DW_AT_language(DW_LANG_C)
     390                    .dwattr $C$DW$T$59, DW_AT_decl_file("C:/ti/ccs1110/ccs/tools/compiler/ti-cgt-msp430_21.6.1.LTS
     391                    .dwattr $C$DW$T$59, DW_AT_decl_line(0x78)
     392                    .dwattr $C$DW$T$59, DW_AT_decl_column(0x14)
     393            
     394            $C$DW$T$60      .dwtag  DW_TAG_typedef
     395                    .dwattr $C$DW$T$60, DW_AT_name("__uint_fast16_t")
     396                    .dwattr $C$DW$T$60, DW_AT_type(*$C$DW$T$57)
     397                    .dwattr $C$DW$T$60, DW_AT_language(DW_LANG_C)
     398                    .dwattr $C$DW$T$60, DW_AT_decl_file("C:/ti/ccs1110/ccs/tools/compiler/ti-cgt-msp430_21.6.1.LTS
     399                    .dwattr $C$DW$T$60, DW_AT_decl_line(0x71)
     400                    .dwattr $C$DW$T$60, DW_AT_decl_column(0x14)
     401            
     402            $C$DW$T$61      .dwtag  DW_TAG_typedef
     403                    .dwattr $C$DW$T$61, DW_AT_name("uint_fast16_t")
     404                    .dwattr $C$DW$T$61, DW_AT_type(*$C$DW$T$60)
     405                    .dwattr $C$DW$T$61, DW_AT_language(DW_LANG_C)
     406                    .dwattr $C$DW$T$61, DW_AT_decl_file("C:/ti/ccs1110/ccs/tools/compiler/ti-cgt-msp430_21.6.1.LTS
     407                    .dwattr $C$DW$T$61, DW_AT_decl_line(0x3a)
     408                    .dwattr $C$DW$T$61, DW_AT_decl_column(0x1a)
     409            
     410            $C$DW$T$62      .dwtag  DW_TAG_typedef
     411                    .dwattr $C$DW$T$62, DW_AT_name("__uint_fast8_t")
     412                    .dwattr $C$DW$T$62, DW_AT_type(*$C$DW$T$57)
     413                    .dwattr $C$DW$T$62, DW_AT_language(DW_LANG_C)
     414                    .dwattr $C$DW$T$62, DW_AT_decl_file("C:/ti/ccs1110/ccs/tools/compiler/ti-cgt-msp430_21.6.1.LTS
     415                    .dwattr $C$DW$T$62, DW_AT_decl_line(0x70)
     416                    .dwattr $C$DW$T$62, DW_AT_decl_column(0x14)
     417            
     418            $C$DW$T$63      .dwtag  DW_TAG_typedef
     419                    .dwattr $C$DW$T$63, DW_AT_name("uint_fast8_t")
     420                    .dwattr $C$DW$T$63, DW_AT_type(*$C$DW$T$62)
     421                    .dwattr $C$DW$T$63, DW_AT_language(DW_LANG_C)
     422                    .dwattr $C$DW$T$63, DW_AT_decl_file("C:/ti/ccs1110/ccs/tools/compiler/ti-cgt-msp430_21.6.1.LTS
     423                    .dwattr $C$DW$T$63, DW_AT_decl_line(0x39)
     424                    .dwattr $C$DW$T$63, DW_AT_decl_column(0x19)
     425            
     426            $C$DW$T$64      .dwtag  DW_TAG_typedef
     427                    .dwattr $C$DW$T$64, DW_AT_name("__uint_least16_t")
     428                    .dwattr $C$DW$T$64, DW_AT_type(*$C$DW$T$57)
     429                    .dwattr $C$DW$T$64, DW_AT_language(DW_LANG_C)
     430                    .dwattr $C$DW$T$64, DW_AT_decl_file("C:/ti/ccs1110/ccs/tools/compiler/ti-cgt-msp430_21.6.1.LTS
     431                    .dwattr $C$DW$T$64, DW_AT_decl_line(0x75)
     432                    .dwattr $C$DW$T$64, DW_AT_decl_column(0x14)
     433            
     434            $C$DW$T$65      .dwtag  DW_TAG_typedef
     435                    .dwattr $C$DW$T$65, DW_AT_name("__char16_t")
     436                    .dwattr $C$DW$T$65, DW_AT_type(*$C$DW$T$64)
     437                    .dwattr $C$DW$T$65, DW_AT_language(DW_LANG_C)
     438                    .dwattr $C$DW$T$65, DW_AT_decl_file("C:/ti/ccs1110/ccs/tools/compiler/ti-cgt-msp430_21.6.1.LTS
     439                    .dwattr $C$DW$T$65, DW_AT_decl_line(0x71)
     440                    .dwattr $C$DW$T$65, DW_AT_decl_column(0x1a)
MSP430 Assembler PC v21.6.1 Wed Nov 30 16:35:43 2022

Copyright (c) 2003-2018 Texas Instruments Incorporated
timer_b.asm                                                          PAGE    9

     441            
     442            $C$DW$T$66      .dwtag  DW_TAG_typedef
     443                    .dwattr $C$DW$T$66, DW_AT_name("uint_least16_t")
     444                    .dwattr $C$DW$T$66, DW_AT_type(*$C$DW$T$64)
     445                    .dwattr $C$DW$T$66, DW_AT_language(DW_LANG_C)
     446                    .dwattr $C$DW$T$66, DW_AT_decl_file("C:/ti/ccs1110/ccs/tools/compiler/ti-cgt-msp430_21.6.1.LTS
     447                    .dwattr $C$DW$T$66, DW_AT_decl_line(0x30)
     448                    .dwattr $C$DW$T$66, DW_AT_decl_column(0x1a)
     449            
     450            $C$DW$T$67      .dwtag  DW_TAG_typedef
     451                    .dwattr $C$DW$T$67, DW_AT_name("uint16_t")
     452                    .dwattr $C$DW$T$67, DW_AT_type(*$C$DW$T$57)
     453                    .dwattr $C$DW$T$67, DW_AT_language(DW_LANG_C)
     454                    .dwattr $C$DW$T$67, DW_AT_decl_file("C:/ti/ccs1110/ccs/tools/compiler/ti-cgt-msp430_21.6.1.LTS
     455                    .dwattr $C$DW$T$67, DW_AT_decl_line(0x41)
     456                    .dwattr $C$DW$T$67, DW_AT_decl_column(0x15)
     457            
     458            $C$DW$T$68      .dwtag  DW_TAG_typedef
     459                    .dwattr $C$DW$T$68, DW_AT_name("__useconds_t")
     460                    .dwattr $C$DW$T$68, DW_AT_type(*$C$DW$T$11)
     461                    .dwattr $C$DW$T$68, DW_AT_language(DW_LANG_C)
     462                    .dwattr $C$DW$T$68, DW_AT_decl_file("C:/ti/ccs1110/ccs/tools/compiler/ti-cgt-msp430_21.6.1.LTS
     463                    .dwattr $C$DW$T$68, DW_AT_decl_line(0x4e)
     464                    .dwattr $C$DW$T$68, DW_AT_decl_column(0x16)
     465            
     466            $C$DW$T$12      .dwtag  DW_TAG_base_type
     467                    .dwattr $C$DW$T$12, DW_AT_encoding(DW_ATE_signed)
     468                    .dwattr $C$DW$T$12, DW_AT_name("long")
     469                    .dwattr $C$DW$T$12, DW_AT_byte_size(0x04)
     470            
     471            $C$DW$T$69      .dwtag  DW_TAG_typedef
     472                    .dwattr $C$DW$T$69, DW_AT_name("__int32_t")
     473                    .dwattr $C$DW$T$69, DW_AT_type(*$C$DW$T$12)
     474                    .dwattr $C$DW$T$69, DW_AT_language(DW_LANG_C)
     475                    .dwattr $C$DW$T$69, DW_AT_decl_file("C:/ti/ccs1110/ccs/tools/compiler/ti-cgt-msp430_21.6.1.LTS
     476                    .dwattr $C$DW$T$69, DW_AT_decl_line(0x3a)
     477                    .dwattr $C$DW$T$69, DW_AT_decl_column(0x10)
     478            
     479            $C$DW$T$70      .dwtag  DW_TAG_typedef
     480                    .dwattr $C$DW$T$70, DW_AT_name("__blksize_t")
     481                    .dwattr $C$DW$T$70, DW_AT_type(*$C$DW$T$69)
     482                    .dwattr $C$DW$T$70, DW_AT_language(DW_LANG_C)
     483                    .dwattr $C$DW$T$70, DW_AT_decl_file("C:/ti/ccs1110/ccs/tools/compiler/ti-cgt-msp430_21.6.1.LTS
     484                    .dwattr $C$DW$T$70, DW_AT_decl_line(0x2f)
     485                    .dwattr $C$DW$T$70, DW_AT_decl_column(0x13)
     486            
     487            $C$DW$T$71      .dwtag  DW_TAG_typedef
     488                    .dwattr $C$DW$T$71, DW_AT_name("__clockid_t")
     489                    .dwattr $C$DW$T$71, DW_AT_type(*$C$DW$T$69)
     490                    .dwattr $C$DW$T$71, DW_AT_language(DW_LANG_C)
     491                    .dwattr $C$DW$T$71, DW_AT_decl_file("C:/ti/ccs1110/ccs/tools/compiler/ti-cgt-msp430_21.6.1.LTS
     492                    .dwattr $C$DW$T$71, DW_AT_decl_line(0x31)
     493                    .dwattr $C$DW$T$71, DW_AT_decl_column(0x13)
     494            
     495            $C$DW$T$72      .dwtag  DW_TAG_typedef
MSP430 Assembler PC v21.6.1 Wed Nov 30 16:35:43 2022

Copyright (c) 2003-2018 Texas Instruments Incorporated
timer_b.asm                                                          PAGE   10

     496                    .dwattr $C$DW$T$72, DW_AT_name("__critical_t")
     497                    .dwattr $C$DW$T$72, DW_AT_type(*$C$DW$T$69)
     498                    .dwattr $C$DW$T$72, DW_AT_language(DW_LANG_C)
     499                    .dwattr $C$DW$T$72, DW_AT_decl_file("C:/ti/ccs1110/ccs/tools/compiler/ti-cgt-msp430_21.6.1.LTS
     500                    .dwattr $C$DW$T$72, DW_AT_decl_line(0x4b)
     501                    .dwattr $C$DW$T$72, DW_AT_decl_column(0x13)
     502            
     503            $C$DW$T$73      .dwtag  DW_TAG_typedef
     504                    .dwattr $C$DW$T$73, DW_AT_name("__int_fast32_t")
     505                    .dwattr $C$DW$T$73, DW_AT_type(*$C$DW$T$69)
     506                    .dwattr $C$DW$T$73, DW_AT_language(DW_LANG_C)
     507                    .dwattr $C$DW$T$73, DW_AT_decl_file("C:/ti/ccs1110/ccs/tools/compiler/ti-cgt-msp430_21.6.1.LTS
     508                    .dwattr $C$DW$T$73, DW_AT_decl_line(0x58)
     509                    .dwattr $C$DW$T$73, DW_AT_decl_column(0x13)
     510            
     511            $C$DW$T$74      .dwtag  DW_TAG_typedef
     512                    .dwattr $C$DW$T$74, DW_AT_name("int_fast32_t")
     513                    .dwattr $C$DW$T$74, DW_AT_type(*$C$DW$T$73)
     514                    .dwattr $C$DW$T$74, DW_AT_language(DW_LANG_C)
     515                    .dwattr $C$DW$T$74, DW_AT_decl_file("C:/ti/ccs1110/ccs/tools/compiler/ti-cgt-msp430_21.6.1.LTS
     516                    .dwattr $C$DW$T$74, DW_AT_decl_line(0x36)
     517                    .dwattr $C$DW$T$74, DW_AT_decl_column(0x19)
     518            
     519            $C$DW$T$75      .dwtag  DW_TAG_typedef
     520                    .dwattr $C$DW$T$75, DW_AT_name("__int_least32_t")
     521                    .dwattr $C$DW$T$75, DW_AT_type(*$C$DW$T$69)
     522                    .dwattr $C$DW$T$75, DW_AT_language(DW_LANG_C)
     523                    .dwattr $C$DW$T$75, DW_AT_decl_file("C:/ti/ccs1110/ccs/tools/compiler/ti-cgt-msp430_21.6.1.LTS
     524                    .dwattr $C$DW$T$75, DW_AT_decl_line(0x5c)
     525                    .dwattr $C$DW$T$75, DW_AT_decl_column(0x13)
     526            
     527            $C$DW$T$76      .dwtag  DW_TAG_typedef
     528                    .dwattr $C$DW$T$76, DW_AT_name("int_least32_t")
     529                    .dwattr $C$DW$T$76, DW_AT_type(*$C$DW$T$75)
     530                    .dwattr $C$DW$T$76, DW_AT_language(DW_LANG_C)
     531                    .dwattr $C$DW$T$76, DW_AT_decl_file("C:/ti/ccs1110/ccs/tools/compiler/ti-cgt-msp430_21.6.1.LTS
     532                    .dwattr $C$DW$T$76, DW_AT_decl_line(0x2c)
     533                    .dwattr $C$DW$T$76, DW_AT_decl_column(0x1a)
     534            
     535            $C$DW$T$77      .dwtag  DW_TAG_typedef
     536                    .dwattr $C$DW$T$77, DW_AT_name("__intfptr_t")
     537                    .dwattr $C$DW$T$77, DW_AT_type(*$C$DW$T$69)
     538                    .dwattr $C$DW$T$77, DW_AT_language(DW_LANG_C)
     539                    .dwattr $C$DW$T$77, DW_AT_decl_file("C:/ti/ccs1110/ccs/tools/compiler/ti-cgt-msp430_21.6.1.LTS
     540                    .dwattr $C$DW$T$77, DW_AT_decl_line(0x4e)
     541                    .dwattr $C$DW$T$77, DW_AT_decl_column(0x13)
     542            
     543            $C$DW$T$78      .dwtag  DW_TAG_typedef
     544                    .dwattr $C$DW$T$78, DW_AT_name("__intptr_t")
     545                    .dwattr $C$DW$T$78, DW_AT_type(*$C$DW$T$69)
     546                    .dwattr $C$DW$T$78, DW_AT_language(DW_LANG_C)
     547                    .dwattr $C$DW$T$78, DW_AT_decl_file("C:/ti/ccs1110/ccs/tools/compiler/ti-cgt-msp430_21.6.1.LTS
     548                    .dwattr $C$DW$T$78, DW_AT_decl_line(0x51)
     549                    .dwattr $C$DW$T$78, DW_AT_decl_column(0x13)
     550            
MSP430 Assembler PC v21.6.1 Wed Nov 30 16:35:43 2022

Copyright (c) 2003-2018 Texas Instruments Incorporated
timer_b.asm                                                          PAGE   11

     551            $C$DW$T$79      .dwtag  DW_TAG_typedef
     552                    .dwattr $C$DW$T$79, DW_AT_name("intptr_t")
     553                    .dwattr $C$DW$T$79, DW_AT_type(*$C$DW$T$78)
     554                    .dwattr $C$DW$T$79, DW_AT_language(DW_LANG_C)
     555                    .dwattr $C$DW$T$79, DW_AT_decl_file("C:/ti/ccs1110/ccs/tools/compiler/ti-cgt-msp430_21.6.1.LTS
     556                    .dwattr $C$DW$T$79, DW_AT_decl_line(0x50)
     557                    .dwattr $C$DW$T$79, DW_AT_decl_column(0x15)
     558            
     559            $C$DW$T$80      .dwtag  DW_TAG_typedef
     560                    .dwattr $C$DW$T$80, DW_AT_name("__lwpid_t")
     561                    .dwattr $C$DW$T$80, DW_AT_type(*$C$DW$T$69)
     562                    .dwattr $C$DW$T$80, DW_AT_language(DW_LANG_C)
     563                    .dwattr $C$DW$T$80, DW_AT_decl_file("C:/ti/ccs1110/ccs/tools/compiler/ti-cgt-msp430_21.6.1.LTS
     564                    .dwattr $C$DW$T$80, DW_AT_decl_line(0x39)
     565                    .dwattr $C$DW$T$80, DW_AT_decl_column(0x13)
     566            
     567            $C$DW$T$81      .dwtag  DW_TAG_typedef
     568                    .dwattr $C$DW$T$81, DW_AT_name("__pid_t")
     569                    .dwattr $C$DW$T$81, DW_AT_type(*$C$DW$T$69)
     570                    .dwattr $C$DW$T$81, DW_AT_language(DW_LANG_C)
     571                    .dwattr $C$DW$T$81, DW_AT_decl_file("C:/ti/ccs1110/ccs/tools/compiler/ti-cgt-msp430_21.6.1.LTS
     572                    .dwattr $C$DW$T$81, DW_AT_decl_line(0x40)
     573                    .dwattr $C$DW$T$81, DW_AT_decl_column(0x13)
     574            
     575            $C$DW$T$82      .dwtag  DW_TAG_typedef
     576                    .dwattr $C$DW$T$82, DW_AT_name("__segsz_t")
     577                    .dwattr $C$DW$T$82, DW_AT_type(*$C$DW$T$69)
     578                    .dwattr $C$DW$T$82, DW_AT_language(DW_LANG_C)
     579                    .dwattr $C$DW$T$82, DW_AT_decl_file("C:/ti/ccs1110/ccs/tools/compiler/ti-cgt-msp430_21.6.1.LTS
     580                    .dwattr $C$DW$T$82, DW_AT_decl_line(0x60)
     581                    .dwattr $C$DW$T$82, DW_AT_decl_column(0x13)
     582            
     583            $C$DW$T$83      .dwtag  DW_TAG_typedef
     584                    .dwattr $C$DW$T$83, DW_AT_name("__ssize_t")
     585                    .dwattr $C$DW$T$83, DW_AT_type(*$C$DW$T$69)
     586                    .dwattr $C$DW$T$83, DW_AT_language(DW_LANG_C)
     587                    .dwattr $C$DW$T$83, DW_AT_decl_file("C:/ti/ccs1110/ccs/tools/compiler/ti-cgt-msp430_21.6.1.LTS
     588                    .dwattr $C$DW$T$83, DW_AT_decl_line(0x62)
     589                    .dwattr $C$DW$T$83, DW_AT_decl_column(0x13)
     590            
     591            $C$DW$T$84      .dwtag  DW_TAG_typedef
     592                    .dwattr $C$DW$T$84, DW_AT_name("int32_t")
     593                    .dwattr $C$DW$T$84, DW_AT_type(*$C$DW$T$69)
     594                    .dwattr $C$DW$T$84, DW_AT_language(DW_LANG_C)
     595                    .dwattr $C$DW$T$84, DW_AT_decl_file("C:/ti/ccs1110/ccs/tools/compiler/ti-cgt-msp430_21.6.1.LTS
     596                    .dwattr $C$DW$T$84, DW_AT_decl_line(0x30)
     597                    .dwattr $C$DW$T$84, DW_AT_decl_column(0x14)
     598            
     599            $C$DW$T$85      .dwtag  DW_TAG_typedef
     600                    .dwattr $C$DW$T$85, DW_AT_name("__key_t")
     601                    .dwattr $C$DW$T$85, DW_AT_type(*$C$DW$T$12)
     602                    .dwattr $C$DW$T$85, DW_AT_language(DW_LANG_C)
     603                    .dwattr $C$DW$T$85, DW_AT_decl_file("C:/ti/ccs1110/ccs/tools/compiler/ti-cgt-msp430_21.6.1.LTS
     604                    .dwattr $C$DW$T$85, DW_AT_decl_line(0x38)
     605                    .dwattr $C$DW$T$85, DW_AT_decl_column(0x0f)
MSP430 Assembler PC v21.6.1 Wed Nov 30 16:35:43 2022

Copyright (c) 2003-2018 Texas Instruments Incorporated
timer_b.asm                                                          PAGE   12

     606            
     607            $C$DW$T$86      .dwtag  DW_TAG_typedef
     608                    .dwattr $C$DW$T$86, DW_AT_name("__suseconds_t")
     609                    .dwattr $C$DW$T$86, DW_AT_type(*$C$DW$T$12)
     610                    .dwattr $C$DW$T$86, DW_AT_language(DW_LANG_C)
     611                    .dwattr $C$DW$T$86, DW_AT_decl_file("C:/ti/ccs1110/ccs/tools/compiler/ti-cgt-msp430_21.6.1.LTS
     612                    .dwattr $C$DW$T$86, DW_AT_decl_line(0x4a)
     613                    .dwattr $C$DW$T$86, DW_AT_decl_column(0x0f)
     614            
     615            $C$DW$T$87      .dwtag  DW_TAG_typedef
     616                    .dwattr $C$DW$T$87, DW_AT_name("_off_t")
     617                    .dwattr $C$DW$T$87, DW_AT_type(*$C$DW$T$12)
     618                    .dwattr $C$DW$T$87, DW_AT_language(DW_LANG_C)
     619                    .dwattr $C$DW$T$87, DW_AT_decl_file("C:/ti/ccs1110/ccs/tools/compiler/ti-cgt-msp430_21.6.1.LTS
     620                    .dwattr $C$DW$T$87, DW_AT_decl_line(0x8d)
     621                    .dwattr $C$DW$T$87, DW_AT_decl_column(0x12)
     622            
     623            $C$DW$T$88      .dwtag  DW_TAG_typedef
     624                    .dwattr $C$DW$T$88, DW_AT_name("__off_t")
     625                    .dwattr $C$DW$T$88, DW_AT_type(*$C$DW$T$87)
     626                    .dwattr $C$DW$T$88, DW_AT_language(DW_LANG_C)
     627                    .dwattr $C$DW$T$88, DW_AT_decl_file("C:/ti/ccs1110/ccs/tools/compiler/ti-cgt-msp430_21.6.1.LTS
     628                    .dwattr $C$DW$T$88, DW_AT_decl_line(0x3e)
     629                    .dwattr $C$DW$T$88, DW_AT_decl_column(0x18)
     630            
     631            $C$DW$T$13      .dwtag  DW_TAG_base_type
     632                    .dwattr $C$DW$T$13, DW_AT_encoding(DW_ATE_unsigned)
     633                    .dwattr $C$DW$T$13, DW_AT_name("unsigned long")
     634                    .dwattr $C$DW$T$13, DW_AT_byte_size(0x04)
     635            
     636            $C$DW$T$89      .dwtag  DW_TAG_typedef
     637                    .dwattr $C$DW$T$89, DW_AT_name("__uint32_t")
     638                    .dwattr $C$DW$T$89, DW_AT_type(*$C$DW$T$13)
     639                    .dwattr $C$DW$T$89, DW_AT_language(DW_LANG_C)
     640                    .dwattr $C$DW$T$89, DW_AT_decl_file("C:/ti/ccs1110/ccs/tools/compiler/ti-cgt-msp430_21.6.1.LTS
     641                    .dwattr $C$DW$T$89, DW_AT_decl_line(0x3b)
     642                    .dwattr $C$DW$T$89, DW_AT_decl_column(0x18)
     643            
     644            $C$DW$T$90      .dwtag  DW_TAG_typedef
     645                    .dwattr $C$DW$T$90, DW_AT_name("__clock_t")
     646                    .dwattr $C$DW$T$90, DW_AT_type(*$C$DW$T$89)
     647                    .dwattr $C$DW$T$90, DW_AT_language(DW_LANG_C)
     648                    .dwattr $C$DW$T$90, DW_AT_decl_file("C:/ti/ccs1110/ccs/tools/compiler/ti-cgt-msp430_21.6.1.LTS
     649                    .dwattr $C$DW$T$90, DW_AT_decl_line(0x4a)
     650                    .dwattr $C$DW$T$90, DW_AT_decl_column(0x14)
     651            
     652            $C$DW$T$91      .dwtag  DW_TAG_typedef
     653                    .dwattr $C$DW$T$91, DW_AT_name("__fflags_t")
     654                    .dwattr $C$DW$T$91, DW_AT_type(*$C$DW$T$89)
     655                    .dwattr $C$DW$T$91, DW_AT_language(DW_LANG_C)
     656                    .dwattr $C$DW$T$91, DW_AT_decl_file("C:/ti/ccs1110/ccs/tools/compiler/ti-cgt-msp430_21.6.1.LTS
     657                    .dwattr $C$DW$T$91, DW_AT_decl_line(0x32)
     658                    .dwattr $C$DW$T$91, DW_AT_decl_column(0x14)
     659            
     660            $C$DW$T$92      .dwtag  DW_TAG_typedef
MSP430 Assembler PC v21.6.1 Wed Nov 30 16:35:43 2022

Copyright (c) 2003-2018 Texas Instruments Incorporated
timer_b.asm                                                          PAGE   13

     661                    .dwattr $C$DW$T$92, DW_AT_name("__fixpt_t")
     662                    .dwattr $C$DW$T$92, DW_AT_type(*$C$DW$T$89)
     663                    .dwattr $C$DW$T$92, DW_AT_language(DW_LANG_C)
     664                    .dwattr $C$DW$T$92, DW_AT_decl_file("C:/ti/ccs1110/ccs/tools/compiler/ti-cgt-msp430_21.6.1.LTS
     665                    .dwattr $C$DW$T$92, DW_AT_decl_line(0x81)
     666                    .dwattr $C$DW$T$92, DW_AT_decl_column(0x14)
     667            
     668            $C$DW$T$93      .dwtag  DW_TAG_typedef
     669                    .dwattr $C$DW$T$93, DW_AT_name("__gid_t")
     670                    .dwattr $C$DW$T$93, DW_AT_type(*$C$DW$T$89)
     671                    .dwattr $C$DW$T$93, DW_AT_language(DW_LANG_C)
     672                    .dwattr $C$DW$T$93, DW_AT_decl_file("C:/ti/ccs1110/ccs/tools/compiler/ti-cgt-msp430_21.6.1.LTS
     673                    .dwattr $C$DW$T$93, DW_AT_decl_line(0x35)
     674                    .dwattr $C$DW$T$93, DW_AT_decl_column(0x14)
     675            
     676            $C$DW$T$94      .dwtag  DW_TAG_typedef
     677                    .dwattr $C$DW$T$94, DW_AT_name("__socklen_t")
     678                    .dwattr $C$DW$T$94, DW_AT_type(*$C$DW$T$89)
     679                    .dwattr $C$DW$T$94, DW_AT_language(DW_LANG_C)
     680                    .dwattr $C$DW$T$94, DW_AT_decl_file("C:/ti/ccs1110/ccs/tools/compiler/ti-cgt-msp430_21.6.1.LTS
     681                    .dwattr $C$DW$T$94, DW_AT_decl_line(0x49)
     682                    .dwattr $C$DW$T$94, DW_AT_decl_column(0x14)
     683            
     684            $C$DW$T$95      .dwtag  DW_TAG_typedef
     685                    .dwattr $C$DW$T$95, DW_AT_name("__time_t")
     686                    .dwattr $C$DW$T$95, DW_AT_type(*$C$DW$T$89)
     687                    .dwattr $C$DW$T$95, DW_AT_language(DW_LANG_C)
     688                    .dwattr $C$DW$T$95, DW_AT_decl_file("C:/ti/ccs1110/ccs/tools/compiler/ti-cgt-msp430_21.6.1.LTS
     689                    .dwattr $C$DW$T$95, DW_AT_decl_line(0x66)
     690                    .dwattr $C$DW$T$95, DW_AT_decl_column(0x19)
     691            
     692            $C$DW$T$96      .dwtag  DW_TAG_typedef
     693                    .dwattr $C$DW$T$96, DW_AT_name("__uid_t")
     694                    .dwattr $C$DW$T$96, DW_AT_type(*$C$DW$T$89)
     695                    .dwattr $C$DW$T$96, DW_AT_language(DW_LANG_C)
     696                    .dwattr $C$DW$T$96, DW_AT_decl_file("C:/ti/ccs1110/ccs/tools/compiler/ti-cgt-msp430_21.6.1.LTS
     697                    .dwattr $C$DW$T$96, DW_AT_decl_line(0x4d)
     698                    .dwattr $C$DW$T$96, DW_AT_decl_column(0x14)
     699            
     700            $C$DW$T$97      .dwtag  DW_TAG_typedef
     701                    .dwattr $C$DW$T$97, DW_AT_name("__uint_fast32_t")
     702                    .dwattr $C$DW$T$97, DW_AT_type(*$C$DW$T$89)
     703                    .dwattr $C$DW$T$97, DW_AT_language(DW_LANG_C)
     704                    .dwattr $C$DW$T$97, DW_AT_decl_file("C:/ti/ccs1110/ccs/tools/compiler/ti-cgt-msp430_21.6.1.LTS
     705                    .dwattr $C$DW$T$97, DW_AT_decl_line(0x72)
     706                    .dwattr $C$DW$T$97, DW_AT_decl_column(0x14)
     707            
     708            $C$DW$T$98      .dwtag  DW_TAG_typedef
     709                    .dwattr $C$DW$T$98, DW_AT_name("uint_fast32_t")
     710                    .dwattr $C$DW$T$98, DW_AT_type(*$C$DW$T$97)
     711                    .dwattr $C$DW$T$98, DW_AT_language(DW_LANG_C)
     712                    .dwattr $C$DW$T$98, DW_AT_decl_file("C:/ti/ccs1110/ccs/tools/compiler/ti-cgt-msp430_21.6.1.LTS
     713                    .dwattr $C$DW$T$98, DW_AT_decl_line(0x3b)
     714                    .dwattr $C$DW$T$98, DW_AT_decl_column(0x1a)
     715            
MSP430 Assembler PC v21.6.1 Wed Nov 30 16:35:43 2022

Copyright (c) 2003-2018 Texas Instruments Incorporated
timer_b.asm                                                          PAGE   14

     716            $C$DW$T$99      .dwtag  DW_TAG_typedef
     717                    .dwattr $C$DW$T$99, DW_AT_name("__uint_least32_t")
     718                    .dwattr $C$DW$T$99, DW_AT_type(*$C$DW$T$89)
     719                    .dwattr $C$DW$T$99, DW_AT_language(DW_LANG_C)
     720                    .dwattr $C$DW$T$99, DW_AT_decl_file("C:/ti/ccs1110/ccs/tools/compiler/ti-cgt-msp430_21.6.1.LTS
     721                    .dwattr $C$DW$T$99, DW_AT_decl_line(0x76)
     722                    .dwattr $C$DW$T$99, DW_AT_decl_column(0x14)
     723            
     724            $C$DW$T$100     .dwtag  DW_TAG_typedef
     725                    .dwattr $C$DW$T$100, DW_AT_name("__char32_t")
     726                    .dwattr $C$DW$T$100, DW_AT_type(*$C$DW$T$99)
     727                    .dwattr $C$DW$T$100, DW_AT_language(DW_LANG_C)
     728                    .dwattr $C$DW$T$100, DW_AT_decl_file("C:/ti/ccs1110/ccs/tools/compiler/ti-cgt-msp430_21.6.1.LT
     729                    .dwattr $C$DW$T$100, DW_AT_decl_line(0x72)
     730                    .dwattr $C$DW$T$100, DW_AT_decl_column(0x1a)
     731            
     732            $C$DW$T$101     .dwtag  DW_TAG_typedef
     733                    .dwattr $C$DW$T$101, DW_AT_name("uint_least32_t")
     734                    .dwattr $C$DW$T$101, DW_AT_type(*$C$DW$T$99)
     735                    .dwattr $C$DW$T$101, DW_AT_language(DW_LANG_C)
     736                    .dwattr $C$DW$T$101, DW_AT_decl_file("C:/ti/ccs1110/ccs/tools/compiler/ti-cgt-msp430_21.6.1.LT
     737                    .dwattr $C$DW$T$101, DW_AT_decl_line(0x31)
     738                    .dwattr $C$DW$T$101, DW_AT_decl_column(0x1a)
     739            
     740            $C$DW$T$102     .dwtag  DW_TAG_typedef
     741                    .dwattr $C$DW$T$102, DW_AT_name("__uintfptr_t")
     742                    .dwattr $C$DW$T$102, DW_AT_type(*$C$DW$T$89)
     743                    .dwattr $C$DW$T$102, DW_AT_language(DW_LANG_C)
     744                    .dwattr $C$DW$T$102, DW_AT_decl_file("C:/ti/ccs1110/ccs/tools/compiler/ti-cgt-msp430_21.6.1.LT
     745                    .dwattr $C$DW$T$102, DW_AT_decl_line(0x68)
     746                    .dwattr $C$DW$T$102, DW_AT_decl_column(0x14)
     747            
     748            $C$DW$T$103     .dwtag  DW_TAG_typedef
     749                    .dwattr $C$DW$T$103, DW_AT_name("__uintptr_t")
     750                    .dwattr $C$DW$T$103, DW_AT_type(*$C$DW$T$89)
     751                    .dwattr $C$DW$T$103, DW_AT_language(DW_LANG_C)
     752                    .dwattr $C$DW$T$103, DW_AT_decl_file("C:/ti/ccs1110/ccs/tools/compiler/ti-cgt-msp430_21.6.1.LT
     753                    .dwattr $C$DW$T$103, DW_AT_decl_line(0x6b)
     754                    .dwattr $C$DW$T$103, DW_AT_decl_column(0x14)
     755            
     756            $C$DW$T$104     .dwtag  DW_TAG_typedef
     757                    .dwattr $C$DW$T$104, DW_AT_name("uintptr_t")
     758                    .dwattr $C$DW$T$104, DW_AT_type(*$C$DW$T$103)
     759                    .dwattr $C$DW$T$104, DW_AT_language(DW_LANG_C)
     760                    .dwattr $C$DW$T$104, DW_AT_decl_file("C:/ti/ccs1110/ccs/tools/compiler/ti-cgt-msp430_21.6.1.LT
     761                    .dwattr $C$DW$T$104, DW_AT_decl_line(0x54)
     762                    .dwattr $C$DW$T$104, DW_AT_decl_column(0x16)
     763            
     764            $C$DW$T$105     .dwtag  DW_TAG_typedef
     765                    .dwattr $C$DW$T$105, DW_AT_name("__vm_offset_t")
     766                    .dwattr $C$DW$T$105, DW_AT_type(*$C$DW$T$89)
     767                    .dwattr $C$DW$T$105, DW_AT_language(DW_LANG_C)
     768                    .dwattr $C$DW$T$105, DW_AT_decl_file("C:/ti/ccs1110/ccs/tools/compiler/ti-cgt-msp430_21.6.1.LT
     769                    .dwattr $C$DW$T$105, DW_AT_decl_line(0x79)
     770                    .dwattr $C$DW$T$105, DW_AT_decl_column(0x14)
MSP430 Assembler PC v21.6.1 Wed Nov 30 16:35:43 2022

Copyright (c) 2003-2018 Texas Instruments Incorporated
timer_b.asm                                                          PAGE   15

     771            
     772            $C$DW$T$106     .dwtag  DW_TAG_typedef
     773                    .dwattr $C$DW$T$106, DW_AT_name("__vm_paddr_t")
     774                    .dwattr $C$DW$T$106, DW_AT_type(*$C$DW$T$89)
     775                    .dwattr $C$DW$T$106, DW_AT_language(DW_LANG_C)
     776                    .dwattr $C$DW$T$106, DW_AT_decl_file("C:/ti/ccs1110/ccs/tools/compiler/ti-cgt-msp430_21.6.1.LT
     777                    .dwattr $C$DW$T$106, DW_AT_decl_line(0x7a)
     778                    .dwattr $C$DW$T$106, DW_AT_decl_column(0x14)
     779            
     780            $C$DW$T$107     .dwtag  DW_TAG_typedef
     781                    .dwattr $C$DW$T$107, DW_AT_name("__vm_size_t")
     782                    .dwattr $C$DW$T$107, DW_AT_type(*$C$DW$T$89)
     783                    .dwattr $C$DW$T$107, DW_AT_language(DW_LANG_C)
     784                    .dwattr $C$DW$T$107, DW_AT_decl_file("C:/ti/ccs1110/ccs/tools/compiler/ti-cgt-msp430_21.6.1.LT
     785                    .dwattr $C$DW$T$107, DW_AT_decl_line(0x7b)
     786                    .dwattr $C$DW$T$107, DW_AT_decl_column(0x14)
     787            
     788            $C$DW$T$108     .dwtag  DW_TAG_typedef
     789                    .dwattr $C$DW$T$108, DW_AT_name("uint32_t")
     790                    .dwattr $C$DW$T$108, DW_AT_type(*$C$DW$T$89)
     791                    .dwattr $C$DW$T$108, DW_AT_language(DW_LANG_C)
     792                    .dwattr $C$DW$T$108, DW_AT_decl_file("C:/ti/ccs1110/ccs/tools/compiler/ti-cgt-msp430_21.6.1.LT
     793                    .dwattr $C$DW$T$108, DW_AT_decl_line(0x46)
     794                    .dwattr $C$DW$T$108, DW_AT_decl_column(0x15)
     795            
     796            $C$DW$T$14      .dwtag  DW_TAG_base_type
     797                    .dwattr $C$DW$T$14, DW_AT_encoding(DW_ATE_signed)
     798                    .dwattr $C$DW$T$14, DW_AT_name("long long")
     799                    .dwattr $C$DW$T$14, DW_AT_byte_size(0x08)
     800            
     801            $C$DW$T$109     .dwtag  DW_TAG_typedef
     802                    .dwattr $C$DW$T$109, DW_AT_name("__int64_t")
     803                    .dwattr $C$DW$T$109, DW_AT_type(*$C$DW$T$14)
     804                    .dwattr $C$DW$T$109, DW_AT_language(DW_LANG_C)
     805                    .dwattr $C$DW$T$109, DW_AT_decl_file("C:/ti/ccs1110/ccs/tools/compiler/ti-cgt-msp430_21.6.1.LT
     806                    .dwattr $C$DW$T$109, DW_AT_decl_line(0x40)
     807                    .dwattr $C$DW$T$109, DW_AT_decl_column(0x14)
     808            
     809            $C$DW$T$110     .dwtag  DW_TAG_typedef
     810                    .dwattr $C$DW$T$110, DW_AT_name("__blkcnt_t")
     811                    .dwattr $C$DW$T$110, DW_AT_type(*$C$DW$T$109)
     812                    .dwattr $C$DW$T$110, DW_AT_language(DW_LANG_C)
     813                    .dwattr $C$DW$T$110, DW_AT_decl_file("C:/ti/ccs1110/ccs/tools/compiler/ti-cgt-msp430_21.6.1.LT
     814                    .dwattr $C$DW$T$110, DW_AT_decl_line(0x30)
     815                    .dwattr $C$DW$T$110, DW_AT_decl_column(0x13)
     816            
     817            $C$DW$T$111     .dwtag  DW_TAG_typedef
     818                    .dwattr $C$DW$T$111, DW_AT_name("__id_t")
     819                    .dwattr $C$DW$T$111, DW_AT_type(*$C$DW$T$109)
     820                    .dwattr $C$DW$T$111, DW_AT_language(DW_LANG_C)
     821                    .dwattr $C$DW$T$111, DW_AT_decl_file("C:/ti/ccs1110/ccs/tools/compiler/ti-cgt-msp430_21.6.1.LT
     822                    .dwattr $C$DW$T$111, DW_AT_decl_line(0x36)
     823                    .dwattr $C$DW$T$111, DW_AT_decl_column(0x13)
     824            
     825            $C$DW$T$112     .dwtag  DW_TAG_typedef
MSP430 Assembler PC v21.6.1 Wed Nov 30 16:35:43 2022

Copyright (c) 2003-2018 Texas Instruments Incorporated
timer_b.asm                                                          PAGE   16

     826                    .dwattr $C$DW$T$112, DW_AT_name("__int_fast64_t")
     827                    .dwattr $C$DW$T$112, DW_AT_type(*$C$DW$T$109)
     828                    .dwattr $C$DW$T$112, DW_AT_language(DW_LANG_C)
     829                    .dwattr $C$DW$T$112, DW_AT_decl_file("C:/ti/ccs1110/ccs/tools/compiler/ti-cgt-msp430_21.6.1.LT
     830                    .dwattr $C$DW$T$112, DW_AT_decl_line(0x59)
     831                    .dwattr $C$DW$T$112, DW_AT_decl_column(0x13)
     832            
     833            $C$DW$T$113     .dwtag  DW_TAG_typedef
     834                    .dwattr $C$DW$T$113, DW_AT_name("int_fast64_t")
     835                    .dwattr $C$DW$T$113, DW_AT_type(*$C$DW$T$112)
     836                    .dwattr $C$DW$T$113, DW_AT_language(DW_LANG_C)
     837                    .dwattr $C$DW$T$113, DW_AT_decl_file("C:/ti/ccs1110/ccs/tools/compiler/ti-cgt-msp430_21.6.1.LT
     838                    .dwattr $C$DW$T$113, DW_AT_decl_line(0x37)
     839                    .dwattr $C$DW$T$113, DW_AT_decl_column(0x19)
     840            
     841            $C$DW$T$114     .dwtag  DW_TAG_typedef
     842                    .dwattr $C$DW$T$114, DW_AT_name("__int_least64_t")
     843                    .dwattr $C$DW$T$114, DW_AT_type(*$C$DW$T$109)
     844                    .dwattr $C$DW$T$114, DW_AT_language(DW_LANG_C)
     845                    .dwattr $C$DW$T$114, DW_AT_decl_file("C:/ti/ccs1110/ccs/tools/compiler/ti-cgt-msp430_21.6.1.LT
     846                    .dwattr $C$DW$T$114, DW_AT_decl_line(0x5d)
     847                    .dwattr $C$DW$T$114, DW_AT_decl_column(0x13)
     848            
     849            $C$DW$T$115     .dwtag  DW_TAG_typedef
     850                    .dwattr $C$DW$T$115, DW_AT_name("int_least64_t")
     851                    .dwattr $C$DW$T$115, DW_AT_type(*$C$DW$T$114)
     852                    .dwattr $C$DW$T$115, DW_AT_language(DW_LANG_C)
     853                    .dwattr $C$DW$T$115, DW_AT_decl_file("C:/ti/ccs1110/ccs/tools/compiler/ti-cgt-msp430_21.6.1.LT
     854                    .dwattr $C$DW$T$115, DW_AT_decl_line(0x2d)
     855                    .dwattr $C$DW$T$115, DW_AT_decl_column(0x1a)
     856            
     857            $C$DW$T$116     .dwtag  DW_TAG_typedef
     858                    .dwattr $C$DW$T$116, DW_AT_name("__intmax_t")
     859                    .dwattr $C$DW$T$116, DW_AT_type(*$C$DW$T$109)
     860                    .dwattr $C$DW$T$116, DW_AT_language(DW_LANG_C)
     861                    .dwattr $C$DW$T$116, DW_AT_decl_file("C:/ti/ccs1110/ccs/tools/compiler/ti-cgt-msp430_21.6.1.LT
     862                    .dwattr $C$DW$T$116, DW_AT_decl_line(0x4f)
     863                    .dwattr $C$DW$T$116, DW_AT_decl_column(0x13)
     864            
     865            $C$DW$T$117     .dwtag  DW_TAG_typedef
     866                    .dwattr $C$DW$T$117, DW_AT_name("intmax_t")
     867                    .dwattr $C$DW$T$117, DW_AT_type(*$C$DW$T$116)
     868                    .dwattr $C$DW$T$117, DW_AT_language(DW_LANG_C)
     869                    .dwattr $C$DW$T$117, DW_AT_decl_file("C:/ti/ccs1110/ccs/tools/compiler/ti-cgt-msp430_21.6.1.LT
     870                    .dwattr $C$DW$T$117, DW_AT_decl_line(0x58)
     871                    .dwattr $C$DW$T$117, DW_AT_decl_column(0x15)
     872            
     873            $C$DW$T$118     .dwtag  DW_TAG_typedef
     874                    .dwattr $C$DW$T$118, DW_AT_name("__off64_t")
     875                    .dwattr $C$DW$T$118, DW_AT_type(*$C$DW$T$109)
     876                    .dwattr $C$DW$T$118, DW_AT_language(DW_LANG_C)
     877                    .dwattr $C$DW$T$118, DW_AT_decl_file("C:/ti/ccs1110/ccs/tools/compiler/ti-cgt-msp430_21.6.1.LT
     878                    .dwattr $C$DW$T$118, DW_AT_decl_line(0x3f)
     879                    .dwattr $C$DW$T$118, DW_AT_decl_column(0x13)
     880            
MSP430 Assembler PC v21.6.1 Wed Nov 30 16:35:43 2022

Copyright (c) 2003-2018 Texas Instruments Incorporated
timer_b.asm                                                          PAGE   17

     881            $C$DW$T$119     .dwtag  DW_TAG_typedef
     882                    .dwattr $C$DW$T$119, DW_AT_name("__rlim_t")
     883                    .dwattr $C$DW$T$119, DW_AT_type(*$C$DW$T$109)
     884                    .dwattr $C$DW$T$119, DW_AT_language(DW_LANG_C)
     885                    .dwattr $C$DW$T$119, DW_AT_decl_file("C:/ti/ccs1110/ccs/tools/compiler/ti-cgt-msp430_21.6.1.LT
     886                    .dwattr $C$DW$T$119, DW_AT_decl_line(0x41)
     887                    .dwattr $C$DW$T$119, DW_AT_decl_column(0x13)
     888            
     889            $C$DW$T$120     .dwtag  DW_TAG_typedef
     890                    .dwattr $C$DW$T$120, DW_AT_name("int64_t")
     891                    .dwattr $C$DW$T$120, DW_AT_type(*$C$DW$T$109)
     892                    .dwattr $C$DW$T$120, DW_AT_language(DW_LANG_C)
     893                    .dwattr $C$DW$T$120, DW_AT_decl_file("C:/ti/ccs1110/ccs/tools/compiler/ti-cgt-msp430_21.6.1.LT
     894                    .dwattr $C$DW$T$120, DW_AT_decl_line(0x35)
     895                    .dwattr $C$DW$T$120, DW_AT_decl_column(0x14)
     896            
     897            $C$DW$T$15      .dwtag  DW_TAG_base_type
     898                    .dwattr $C$DW$T$15, DW_AT_encoding(DW_ATE_unsigned)
     899                    .dwattr $C$DW$T$15, DW_AT_name("unsigned long long")
     900                    .dwattr $C$DW$T$15, DW_AT_byte_size(0x08)
     901            
     902            $C$DW$T$121     .dwtag  DW_TAG_typedef
     903                    .dwattr $C$DW$T$121, DW_AT_name("__uint64_t")
     904                    .dwattr $C$DW$T$121, DW_AT_type(*$C$DW$T$15)
     905                    .dwattr $C$DW$T$121, DW_AT_language(DW_LANG_C)
     906                    .dwattr $C$DW$T$121, DW_AT_decl_file("C:/ti/ccs1110/ccs/tools/compiler/ti-cgt-msp430_21.6.1.LT
     907                    .dwattr $C$DW$T$121, DW_AT_decl_line(0x45)
     908                    .dwattr $C$DW$T$121, DW_AT_decl_column(0x1c)
     909            
     910            $C$DW$T$122     .dwtag  DW_TAG_typedef
     911                    .dwattr $C$DW$T$122, DW_AT_name("__dev_t")
     912                    .dwattr $C$DW$T$122, DW_AT_type(*$C$DW$T$121)
     913                    .dwattr $C$DW$T$122, DW_AT_language(DW_LANG_C)
     914                    .dwattr $C$DW$T$122, DW_AT_decl_file("C:/ti/ccs1110/ccs/tools/compiler/ti-cgt-msp430_21.6.1.LT
     915                    .dwattr $C$DW$T$122, DW_AT_decl_line(0x7f)
     916                    .dwattr $C$DW$T$122, DW_AT_decl_column(0x14)
     917            
     918            $C$DW$T$123     .dwtag  DW_TAG_typedef
     919                    .dwattr $C$DW$T$123, DW_AT_name("__fsblkcnt_t")
     920                    .dwattr $C$DW$T$123, DW_AT_type(*$C$DW$T$121)
     921                    .dwattr $C$DW$T$123, DW_AT_language(DW_LANG_C)
     922                    .dwattr $C$DW$T$123, DW_AT_decl_file("C:/ti/ccs1110/ccs/tools/compiler/ti-cgt-msp430_21.6.1.LT
     923                    .dwattr $C$DW$T$123, DW_AT_decl_line(0x33)
     924                    .dwattr $C$DW$T$123, DW_AT_decl_column(0x14)
     925            
     926            $C$DW$T$124     .dwtag  DW_TAG_typedef
     927                    .dwattr $C$DW$T$124, DW_AT_name("__fsfilcnt_t")
     928                    .dwattr $C$DW$T$124, DW_AT_type(*$C$DW$T$121)
     929                    .dwattr $C$DW$T$124, DW_AT_language(DW_LANG_C)
     930                    .dwattr $C$DW$T$124, DW_AT_decl_file("C:/ti/ccs1110/ccs/tools/compiler/ti-cgt-msp430_21.6.1.LT
     931                    .dwattr $C$DW$T$124, DW_AT_decl_line(0x34)
     932                    .dwattr $C$DW$T$124, DW_AT_decl_column(0x14)
     933            
     934            $C$DW$T$125     .dwtag  DW_TAG_typedef
     935                    .dwattr $C$DW$T$125, DW_AT_name("__ino_t")
MSP430 Assembler PC v21.6.1 Wed Nov 30 16:35:43 2022

Copyright (c) 2003-2018 Texas Instruments Incorporated
timer_b.asm                                                          PAGE   18

     936                    .dwattr $C$DW$T$125, DW_AT_type(*$C$DW$T$121)
     937                    .dwattr $C$DW$T$125, DW_AT_language(DW_LANG_C)
     938                    .dwattr $C$DW$T$125, DW_AT_decl_file("C:/ti/ccs1110/ccs/tools/compiler/ti-cgt-msp430_21.6.1.LT
     939                    .dwattr $C$DW$T$125, DW_AT_decl_line(0x37)
     940                    .dwattr $C$DW$T$125, DW_AT_decl_column(0x14)
     941            
     942            $C$DW$T$126     .dwtag  DW_TAG_typedef
     943                    .dwattr $C$DW$T$126, DW_AT_name("__nlink_t")
     944                    .dwattr $C$DW$T$126, DW_AT_type(*$C$DW$T$121)
     945                    .dwattr $C$DW$T$126, DW_AT_language(DW_LANG_C)
     946                    .dwattr $C$DW$T$126, DW_AT_decl_file("C:/ti/ccs1110/ccs/tools/compiler/ti-cgt-msp430_21.6.1.LT
     947                    .dwattr $C$DW$T$126, DW_AT_decl_line(0x3d)
     948                    .dwattr $C$DW$T$126, DW_AT_decl_column(0x14)
     949            
     950            $C$DW$T$127     .dwtag  DW_TAG_typedef
     951                    .dwattr $C$DW$T$127, DW_AT_name("__uint_fast64_t")
     952                    .dwattr $C$DW$T$127, DW_AT_type(*$C$DW$T$121)
     953                    .dwattr $C$DW$T$127, DW_AT_language(DW_LANG_C)
     954                    .dwattr $C$DW$T$127, DW_AT_decl_file("C:/ti/ccs1110/ccs/tools/compiler/ti-cgt-msp430_21.6.1.LT
     955                    .dwattr $C$DW$T$127, DW_AT_decl_line(0x73)
     956                    .dwattr $C$DW$T$127, DW_AT_decl_column(0x14)
     957            
     958            $C$DW$T$128     .dwtag  DW_TAG_typedef
     959                    .dwattr $C$DW$T$128, DW_AT_name("uint_fast64_t")
     960                    .dwattr $C$DW$T$128, DW_AT_type(*$C$DW$T$127)
     961                    .dwattr $C$DW$T$128, DW_AT_language(DW_LANG_C)
     962                    .dwattr $C$DW$T$128, DW_AT_decl_file("C:/ti/ccs1110/ccs/tools/compiler/ti-cgt-msp430_21.6.1.LT
     963                    .dwattr $C$DW$T$128, DW_AT_decl_line(0x3c)
     964                    .dwattr $C$DW$T$128, DW_AT_decl_column(0x1a)
     965            
     966            $C$DW$T$129     .dwtag  DW_TAG_typedef
     967                    .dwattr $C$DW$T$129, DW_AT_name("__uint_least64_t")
     968                    .dwattr $C$DW$T$129, DW_AT_type(*$C$DW$T$121)
     969                    .dwattr $C$DW$T$129, DW_AT_language(DW_LANG_C)
     970                    .dwattr $C$DW$T$129, DW_AT_decl_file("C:/ti/ccs1110/ccs/tools/compiler/ti-cgt-msp430_21.6.1.LT
     971                    .dwattr $C$DW$T$129, DW_AT_decl_line(0x77)
     972                    .dwattr $C$DW$T$129, DW_AT_decl_column(0x14)
     973            
     974            $C$DW$T$130     .dwtag  DW_TAG_typedef
     975                    .dwattr $C$DW$T$130, DW_AT_name("uint_least64_t")
     976                    .dwattr $C$DW$T$130, DW_AT_type(*$C$DW$T$129)
     977                    .dwattr $C$DW$T$130, DW_AT_language(DW_LANG_C)
     978                    .dwattr $C$DW$T$130, DW_AT_decl_file("C:/ti/ccs1110/ccs/tools/compiler/ti-cgt-msp430_21.6.1.LT
     979                    .dwattr $C$DW$T$130, DW_AT_decl_line(0x32)
     980                    .dwattr $C$DW$T$130, DW_AT_decl_column(0x1a)
     981            
     982            $C$DW$T$131     .dwtag  DW_TAG_typedef
     983                    .dwattr $C$DW$T$131, DW_AT_name("__uintmax_t")
     984                    .dwattr $C$DW$T$131, DW_AT_type(*$C$DW$T$121)
     985                    .dwattr $C$DW$T$131, DW_AT_language(DW_LANG_C)
     986                    .dwattr $C$DW$T$131, DW_AT_decl_file("C:/ti/ccs1110/ccs/tools/compiler/ti-cgt-msp430_21.6.1.LT
     987                    .dwattr $C$DW$T$131, DW_AT_decl_line(0x69)
     988                    .dwattr $C$DW$T$131, DW_AT_decl_column(0x14)
     989            
     990            $C$DW$T$132     .dwtag  DW_TAG_typedef
MSP430 Assembler PC v21.6.1 Wed Nov 30 16:35:43 2022

Copyright (c) 2003-2018 Texas Instruments Incorporated
timer_b.asm                                                          PAGE   19

     991                    .dwattr $C$DW$T$132, DW_AT_name("__rman_res_t")
     992                    .dwattr $C$DW$T$132, DW_AT_type(*$C$DW$T$131)
     993                    .dwattr $C$DW$T$132, DW_AT_language(DW_LANG_C)
     994                    .dwattr $C$DW$T$132, DW_AT_decl_file("C:/ti/ccs1110/ccs/tools/compiler/ti-cgt-msp430_21.6.1.LT
     995                    .dwattr $C$DW$T$132, DW_AT_decl_line(0x9a)
     996                    .dwattr $C$DW$T$132, DW_AT_decl_column(0x19)
     997            
     998            $C$DW$T$133     .dwtag  DW_TAG_typedef
     999                    .dwattr $C$DW$T$133, DW_AT_name("uintmax_t")
    1000                    .dwattr $C$DW$T$133, DW_AT_type(*$C$DW$T$131)
    1001                    .dwattr $C$DW$T$133, DW_AT_language(DW_LANG_C)
    1002                    .dwattr $C$DW$T$133, DW_AT_decl_file("C:/ti/ccs1110/ccs/tools/compiler/ti-cgt-msp430_21.6.1.LT
    1003                    .dwattr $C$DW$T$133, DW_AT_decl_line(0x5c)
    1004                    .dwattr $C$DW$T$133, DW_AT_decl_column(0x16)
    1005            
    1006            $C$DW$T$134     .dwtag  DW_TAG_typedef
    1007                    .dwattr $C$DW$T$134, DW_AT_name("uint64_t")
    1008                    .dwattr $C$DW$T$134, DW_AT_type(*$C$DW$T$121)
    1009                    .dwattr $C$DW$T$134, DW_AT_language(DW_LANG_C)
    1010                    .dwattr $C$DW$T$134, DW_AT_decl_file("C:/ti/ccs1110/ccs/tools/compiler/ti-cgt-msp430_21.6.1.LT
    1011                    .dwattr $C$DW$T$134, DW_AT_decl_line(0x4b)
    1012                    .dwattr $C$DW$T$134, DW_AT_decl_column(0x15)
    1013            
    1014            $C$DW$T$16      .dwtag  DW_TAG_base_type
    1015                    .dwattr $C$DW$T$16, DW_AT_encoding(DW_ATE_float)
    1016                    .dwattr $C$DW$T$16, DW_AT_name("float")
    1017                    .dwattr $C$DW$T$16, DW_AT_byte_size(0x04)
    1018            
    1019            $C$DW$T$135     .dwtag  DW_TAG_typedef
    1020                    .dwattr $C$DW$T$135, DW_AT_name("__float_t")
    1021                    .dwattr $C$DW$T$135, DW_AT_type(*$C$DW$T$16)
    1022                    .dwattr $C$DW$T$135, DW_AT_language(DW_LANG_C)
    1023                    .dwattr $C$DW$T$135, DW_AT_decl_file("C:/ti/ccs1110/ccs/tools/compiler/ti-cgt-msp430_21.6.1.LT
    1024                    .dwattr $C$DW$T$135, DW_AT_decl_line(0x4d)
    1025                    .dwattr $C$DW$T$135, DW_AT_decl_column(0x10)
    1026            
    1027            $C$DW$T$17      .dwtag  DW_TAG_base_type
    1028                    .dwattr $C$DW$T$17, DW_AT_encoding(DW_ATE_float)
    1029                    .dwattr $C$DW$T$17, DW_AT_name("double")
    1030                    .dwattr $C$DW$T$17, DW_AT_byte_size(0x08)
    1031            
    1032            $C$DW$T$136     .dwtag  DW_TAG_typedef
    1033                    .dwattr $C$DW$T$136, DW_AT_name("__double_t")
    1034                    .dwattr $C$DW$T$136, DW_AT_type(*$C$DW$T$17)
    1035                    .dwattr $C$DW$T$136, DW_AT_language(DW_LANG_C)
    1036                    .dwattr $C$DW$T$136, DW_AT_decl_file("C:/ti/ccs1110/ccs/tools/compiler/ti-cgt-msp430_21.6.1.LT
    1037                    .dwattr $C$DW$T$136, DW_AT_decl_line(0x4c)
    1038                    .dwattr $C$DW$T$136, DW_AT_decl_column(0x11)
    1039            
    1040            $C$DW$T$18      .dwtag  DW_TAG_base_type
    1041                    .dwattr $C$DW$T$18, DW_AT_encoding(DW_ATE_float)
    1042                    .dwattr $C$DW$T$18, DW_AT_name("long double")
    1043                    .dwattr $C$DW$T$18, DW_AT_byte_size(0x08)
    1044            
    1045            $C$DW$T$138     .dwtag  DW_TAG_pointer_type
MSP430 Assembler PC v21.6.1 Wed Nov 30 16:35:43 2022

Copyright (c) 2003-2018 Texas Instruments Incorporated
timer_b.asm                                                          PAGE   20

    1046                    .dwattr $C$DW$T$138, DW_AT_type(*$C$DW$T$6)
    1047                    .dwattr $C$DW$T$138, DW_AT_address_class(0x10)
    1048            
    1049            $C$DW$T$139     .dwtag  DW_TAG_typedef
    1050                    .dwattr $C$DW$T$139, DW_AT_name("__va_list")
    1051                    .dwattr $C$DW$T$139, DW_AT_type(*$C$DW$T$138)
    1052                    .dwattr $C$DW$T$139, DW_AT_language(DW_LANG_C)
    1053                    .dwattr $C$DW$T$139, DW_AT_decl_file("C:/ti/ccs1110/ccs/tools/compiler/ti-cgt-msp430_21.6.1.LT
    1054                    .dwattr $C$DW$T$139, DW_AT_decl_line(0x92)
    1055                    .dwattr $C$DW$T$139, DW_AT_decl_column(0x0f)
    1056            
    1057            
    1058            $C$DW$T$19      .dwtag  DW_TAG_structure_type
    1059                    .dwattr $C$DW$T$19, DW_AT_name("__mq")
    1060                    .dwattr $C$DW$T$19, DW_AT_declaration
    1061                    .dwattr $C$DW$T$19, DW_AT_decl_file("C:/ti/ccs1110/ccs/tools/compiler/ti-cgt-msp430_21.6.1.LTS
    1062                    .dwattr $C$DW$T$19, DW_AT_decl_line(0x4c)
    1063                    .dwattr $C$DW$T$19, DW_AT_decl_column(0x10)
    1064                    .dwendtag $C$DW$T$19
    1065            
    1066            $C$DW$T$140     .dwtag  DW_TAG_pointer_type
    1067                    .dwattr $C$DW$T$140, DW_AT_type(*$C$DW$T$19)
    1068                    .dwattr $C$DW$T$140, DW_AT_address_class(0x10)
    1069            
    1070            $C$DW$T$141     .dwtag  DW_TAG_typedef
    1071                    .dwattr $C$DW$T$141, DW_AT_name("__mqd_t")
    1072                    .dwattr $C$DW$T$141, DW_AT_type(*$C$DW$T$140)
    1073                    .dwattr $C$DW$T$141, DW_AT_language(DW_LANG_C)
    1074                    .dwattr $C$DW$T$141, DW_AT_decl_file("C:/ti/ccs1110/ccs/tools/compiler/ti-cgt-msp430_21.6.1.LT
    1075                    .dwattr $C$DW$T$141, DW_AT_decl_line(0x4c)
    1076                    .dwattr $C$DW$T$141, DW_AT_decl_column(0x16)
    1077            
    1078            
    1079            $C$DW$T$20      .dwtag  DW_TAG_structure_type
    1080                    .dwattr $C$DW$T$20, DW_AT_name("__timer")
    1081                    .dwattr $C$DW$T$20, DW_AT_declaration
    1082                    .dwattr $C$DW$T$20, DW_AT_decl_file("C:/ti/ccs1110/ccs/tools/compiler/ti-cgt-msp430_21.6.1.LTS
    1083                    .dwattr $C$DW$T$20, DW_AT_decl_line(0x4b)
    1084                    .dwattr $C$DW$T$20, DW_AT_decl_column(0x10)
    1085                    .dwendtag $C$DW$T$20
    1086            
    1087            $C$DW$T$142     .dwtag  DW_TAG_pointer_type
    1088                    .dwattr $C$DW$T$142, DW_AT_type(*$C$DW$T$20)
    1089                    .dwattr $C$DW$T$142, DW_AT_address_class(0x10)
    1090            
    1091            $C$DW$T$143     .dwtag  DW_TAG_typedef
    1092                    .dwattr $C$DW$T$143, DW_AT_name("__timer_t")
    1093                    .dwattr $C$DW$T$143, DW_AT_type(*$C$DW$T$142)
    1094                    .dwattr $C$DW$T$143, DW_AT_language(DW_LANG_C)
    1095                    .dwattr $C$DW$T$143, DW_AT_decl_file("C:/ti/ccs1110/ccs/tools/compiler/ti-cgt-msp430_21.6.1.LT
    1096                    .dwattr $C$DW$T$143, DW_AT_decl_line(0x4b)
    1097                    .dwattr $C$DW$T$143, DW_AT_decl_column(0x19)
    1098            
    1099                    .dwattr $C$DW$CU, DW_AT_language(DW_LANG_C)
    1100                    .dwendtag $C$DW$CU
MSP430 Assembler PC v21.6.1 Wed Nov 30 16:35:43 2022

Copyright (c) 2003-2018 Texas Instruments Incorporated
timer_b.asm                                                          PAGE   21

    1101            

No Assembly Errors, No Assembly Warnings
